-------------------------------------------------------------------------------
Test set: com.google.Part2Test
-------------------------------------------------------------------------------
Tests run: 20, Failures: 20, Errors: 0, Skipped: 0, Time elapsed: 0.085 s <<< FAILURE! - in com.google.Part2Test
com.google.Part2Test.showPlaylistAfterRemoveAVideoFromPlaylistThenReAdd  Time elapsed: 0.015 s  <<< FAILURE!
java.lang.AssertionError: 

Expected: a string containing "Showing playlist: mY_plaYList"
     but: was "Cannot add video to mY_plaYList: Video does not exist"
	at com.google.Part2Test.showPlaylistAfterRemoveAVideoFromPlaylistThenReAdd(Part2Test.java:132)

com.google.Part2Test.testDeletePlaylist  Time elapsed: 0.003 s  <<< FAILURE!
org.opentest4j.AssertionFailedError: 
Couldn't find videos.txt
Successfully created new playlist: my_playlist
Deleted playlist: my_PLAYlist
 ==> expected: <2> but was: <3>
	at com.google.Part2Test.testDeletePlaylist(Part2Test.java:235)

com.google.Part2Test.testClearPlaylist  Time elapsed: 0.002 s  <<< FAILURE!
org.opentest4j.AssertionFailedError: 
Couldn't find videos.txt
Successfully created new playlist: my_playlist
Cannot add video to my_playlist: Video does not exist
Showing playlist: my_playlist
No videos here yet
Successfully removed all videos from my_PLAYlist
Showing playlist: my_playlist
No videos here yet
 ==> expected: <7> but was: <8>
	at com.google.Part2Test.testClearPlaylist(Part2Test.java:208)

com.google.Part2Test.testClearPlaylistNonexistent  Time elapsed: 0.002 s  <<< FAILURE!
org.opentest4j.AssertionFailedError: expected: <1> but was: <2>
	at com.google.Part2Test.testClearPlaylistNonexistent(Part2Test.java:224)

com.google.Part2Test.testShowAllPlaylistsNoPlaylistsExist  Time elapsed: 0.002 s  <<< FAILURE!
org.opentest4j.AssertionFailedError: expected: <1> but was: <2>
	at com.google.Part2Test.testShowAllPlaylistsNoPlaylistsExist(Part2Test.java:85)

com.google.Part2Test.testAddVideoToPlaylistNonExistentVideo  Time elapsed: 0.003 s  <<< FAILURE!
org.opentest4j.AssertionFailedError: 
Couldn't find videos.txt
Successfully created new playlist: my_playlist
Cannot add video to my_playlist: Video does not exist
Cannot add video to my_playlist: Video does not exist
 ==> expected: <3> but was: <4>
	at com.google.Part2Test.testAddVideoToPlaylistNonExistentVideo(Part2Test.java:59)

com.google.Part2Test.testRemoveFromPlaylistNonexistentVideo  Time elapsed: 0.002 s  <<< FAILURE!
org.opentest4j.AssertionFailedError: 
Couldn't find videos.txt
Successfully created new playlist: my_playlist
Cannot add video to my_PLAYlist: Video does not exist
Cannot remove video from my_playlist: Video does not exist
 ==> expected: <3> but was: <4>
	at com.google.Part2Test.testRemoveFromPlaylistNonexistentVideo(Part2Test.java:183)

com.google.Part2Test.testAddToPlaylist  Time elapsed: 0.002 s  <<< FAILURE!
java.lang.AssertionError: 

Expected: a string containing "Added video to my_PLAYlist: Amazing Cats"
     but: was "Couldn't find videos.txt
Successfully created new playlist: my_playlist
Cannot add video to my_PLAYlist: Video does not exist
"
	at com.google.Part2Test.testAddToPlaylist(Part2Test.java:36)

com.google.Part2Test.testAddVideoToPlaylistNonExistent  Time elapsed: 0.003 s  <<< FAILURE!
org.opentest4j.AssertionFailedError: expected: <1> but was: <2>
	at com.google.Part2Test.testAddVideoToPlaylistNonExistent(Part2Test.java:69)

com.google.Part2Test.testRemoveFromPlaylist  Time elapsed: 0.002 s  <<< FAILURE!
org.opentest4j.AssertionFailedError: 
Couldn't find videos.txt
Successfully created new playlist: my_PLAYlist
Cannot add video to my_playlist: Video does not exist
Cannot remove video from my_playlist: Video does not exist
Cannot remove video from my_PLAYlist: Video does not exist
 ==> expected: <4> but was: <5>
	at com.google.Part2Test.testRemoveFromPlaylist(Part2Test.java:155)

com.google.Part2Test.testAddToPlaylistAlreadyAdded  Time elapsed: 0.002 s  <<< FAILURE!
org.opentest4j.AssertionFailedError: 
Couldn't find videos.txt
Successfully created new playlist: my_playlist
Cannot add video to my_playlist: Video does not exist
Cannot add video to my_PLAYlist: Video does not exist
 ==> expected: <3> but was: <4>
	at com.google.Part2Test.testAddToPlaylistAlreadyAdded(Part2Test.java:46)

com.google.Part2Test.testCreateExistingPlaylist  Time elapsed: 0.003 s  <<< FAILURE!
org.opentest4j.AssertionFailedError: 
Couldn't find videos.txt
Successfully created new playlist: my_playlist
Cannot create playlist: A playlist with the same name already exists
 ==> expected: <2> but was: <3>
	at com.google.Part2Test.testCreateExistingPlaylist(Part2Test.java:23)

com.google.Part2Test.testShowPlaylistNonExistent  Time elapsed: 0.004 s  <<< FAILURE!
org.opentest4j.AssertionFailedError: expected: <1> but was: <2>
	at com.google.Part2Test.testShowPlaylistNonExistent(Part2Test.java:142)

com.google.Part2Test.testRemoveFromPlaylistVideoNotInPlaylist  Time elapsed: 0.003 s  <<< FAILURE!
org.opentest4j.AssertionFailedError: 
Couldn't find videos.txt
Successfully created new playlist: my_playlist
Cannot remove video from my_playlist: Video does not exist
 ==> expected: <2> but was: <3>
	at com.google.Part2Test.testRemoveFromPlaylistVideoNotInPlaylist(Part2Test.java:171)

com.google.Part2Test.testShowAllPlaylists  Time elapsed: 0.004 s  <<< FAILURE!
org.opentest4j.AssertionFailedError: 
Couldn't find videos.txt
Successfully created new playlist: my_playlist
Successfully created new playlist: another_playlist
Showing all playlists:
another_playlist
my_playlist
 ==> expected: <5> but was: <6>
	at com.google.Part2Test.testShowAllPlaylists(Part2Test.java:96)

com.google.Part2Test.testAddVideoToPlaylistNoVideoNoPlaylist  Time elapsed: 0.003 s  <<< FAILURE!
org.opentest4j.AssertionFailedError: expected: <1> but was: <2>
	at com.google.Part2Test.testAddVideoToPlaylistNoVideoNoPlaylist(Part2Test.java:77)

com.google.Part2Test.testCreatePlaylist  Time elapsed: 0.002 s  <<< FAILURE!
org.opentest4j.AssertionFailedError: expected: <1> but was: <2>
	at com.google.Part2Test.testCreatePlaylist(Part2Test.java:13)

com.google.Part2Test.testDeletePlaylistNonexistent  Time elapsed: 0.003 s  <<< FAILURE!
org.opentest4j.AssertionFailedError: expected: <1> but was: <2>
	at com.google.Part2Test.testDeletePlaylistNonexistent(Part2Test.java:244)

com.google.Part2Test.testRemoveFromPlaylistNonexistentPlaylist  Time elapsed: 0.005 s  <<< FAILURE!
org.opentest4j.AssertionFailedError: expected: <1> but was: <2>
	at com.google.Part2Test.testRemoveFromPlaylistNonexistentPlaylist(Part2Test.java:194)

com.google.Part2Test.testShowPlaylist  Time elapsed: 0.003 s  <<< FAILURE!
org.opentest4j.AssertionFailedError: 
Couldn't find videos.txt
Successfully created new playlist: my_playlist
Showing playlist: my_playlist
No videos here yet
Cannot add video to my_playlist: Video does not exist
Showing playlist: my_PLAYlist
No videos here yet
 ==> expected: <6> but was: <7>
	at com.google.Part2Test.testShowPlaylist(Part2Test.java:110)

